#
# There is insufficient memory for the Java Runtime Environment to continue.
# Native memory allocation (malloc) failed to allocate 595216 bytes for Chunk::new
# Possible reasons:
#   The system is out of physical RAM or swap space
#   In 32 bit mode, the process size limit was hit
# Possible solutions:
#   Reduce memory load on the system
#   Increase physical memory or swap space
#   Check if swap backing store is full
#   Use 64 bit Java on a 64 bit OS
#   Decrease Java heap size (-Xmx/-Xms)
#   Decrease number of Java threads
#   Decrease Java thread stack sizes (-Xss)
#   Set larger code cache with -XX:ReservedCodeCacheSize=
# This output file may be truncated or incomplete.
#
#  Out of Memory Error (allocation.cpp:390), pid=9924, tid=0x0000000000006604
#
# JRE version: Java(TM) SE Runtime Environment (8.0_191-b12) (build 1.8.0_191-b12)
# Java VM: Java HotSpot(TM) 64-Bit Server VM (25.191-b12 mixed mode windows-amd64 compressed oops)
# Failed to write core dump. Minidumps are not enabled by default on client versions of Windows
#

---------------  T H R E A D  ---------------

Current thread (0x0000000017b71000):  JavaThread "C2 CompilerThread0" daemon [_thread_in_native, id=26116, stack(0x00000000191d0000,0x00000000192d0000)]

Stack: [0x00000000191d0000,0x00000000192d0000]
[error occurred during error reporting (printing stack bounds), id 0xc0000005]

Native frames: (J=compiled Java code, j=interpreted, Vv=VM code, C=native code)


Current CompileTask:
C2:   7040 1567       4       java.io.WinNTFileSystem::normalize (231 bytes)


---------------  P R O C E S S  ---------------

Java Threads: ( => current thread )
  0x000000001a28b000 JavaThread "background-preinit" [_thread_in_native, id=7208, stack(0x000000001b930000,0x000000001ba30000)]
  0x0000000019523000 JavaThread "Service Thread" daemon [_thread_blocked, id=11660, stack(0x00000000198d0000,0x00000000199d0000)]
  0x0000000017b84000 JavaThread "C1 CompilerThread2" daemon [_thread_blocked, id=30820, stack(0x00000000193d0000,0x00000000194d0000)]
  0x0000000017b73800 JavaThread "C2 CompilerThread1" daemon [_thread_blocked, id=9048, stack(0x00000000192d0000,0x00000000193d0000)]
=>0x0000000017b71000 JavaThread "C2 CompilerThread0" daemon [_thread_in_native, id=26116, stack(0x00000000191d0000,0x00000000192d0000)]
  0x0000000017b70000 JavaThread "Attach Listener" daemon [_thread_blocked, id=23412, stack(0x00000000190d0000,0x00000000191d0000)]
  0x0000000017b6b000 JavaThread "Signal Dispatcher" daemon [_thread_blocked, id=34100, stack(0x0000000018fd0000,0x00000000190d0000)]
  0x0000000003029000 JavaThread "Finalizer" daemon [_thread_blocked, id=28340, stack(0x0000000018dc0000,0x0000000018ec0000)]
  0x0000000003026000 JavaThread "Reference Handler" daemon [_thread_blocked, id=21000, stack(0x0000000018cc0000,0x0000000018dc0000)]
  0x0000000002f36000 JavaThread "main" [_thread_in_native, id=25812, stack(0x0000000002d30000,0x0000000002e30000)]

Other Threads:
  0x0000000017b27800 VMThread [stack: 0x0000000018bc0000,0x0000000018cc0000] [id=43352]
  0x0000000019570000 WatcherThread [stack: 0x00000000199d0000,0x0000000019ad0000] [id=18512]

VM state:not at safepoint (normal execution)

VM Mutex/Monitor currently owned by a thread: None

Heap:
 PSYoungGen      total 38400K, used 7619K [0x00000000d5f00000, 0x00000000da200000, 0x0000000100000000)
  eden space 33280K, 11% used [0x00000000d5f00000,0x00000000d62b0390,0x00000000d7f80000)
  from space 5120K, 75% used [0x00000000d8480000,0x00000000d8840c28,0x00000000d8980000)
  to   space 5120K, 0% used [0x00000000d7f80000,0x00000000d7f80000,0x00000000d8480000)
 ParOldGen       total 50688K, used 6062K [0x0000000081c00000, 0x0000000084d80000, 0x00000000d5f00000)
  object space 50688K, 11% used [0x0000000081c00000,0x00000000821eb9c8,0x0000000084d80000)
 Metaspace       used 18906K, capacity 19224K, committed 19328K, reserved 1069056K
  class space    used 2318K, capacity 2413K, committed 2432K, reserved 1048576K

Card table byte_map: [0x00000000123f0000,0x00000000127f0000] byte_map_base: 0x0000000011fe2000

Marking Bits: (ParMarkBitMap*) 0x0000000061b03e30
 Begin Bits: [0x0000000012ea0000, 0x0000000014e30000)
 End Bits:   [0x0000000014e30000, 0x0000000016dc0000)

Polling page: 0x0000000002d10000

CodeCache: size=245760Kb used=5755Kb max_used=5755Kb free=240004Kb
 bounds [0x0000000003030000, 0x00000000035e0000, 0x0000000012030000]
 total_blobs=1939 nmethods=1577 adapters=274
 compilation: enabled

Compilation events (10 events):
Event: 6.969 Thread 0x0000000017b84000 1576       3       java.net.URLClassLoader$2::run (16 bytes)
Event: 6.969 Thread 0x0000000017b84000 nmethod 1576 0x00000000035ca290 code [0x00000000035ca400, 0x00000000035ca5c8]
Event: 6.969 Thread 0x0000000017b84000 1572       3       java.lang.ClassLoader::getBootstrapResource (23 bytes)
Event: 6.969 Thread 0x0000000017b84000 nmethod 1572 0x00000000035ca6d0 code [0x00000000035ca860, 0x00000000035cac38]
Event: 6.986 Thread 0x0000000017b84000 1578       3       sun.reflect.generics.parser.SignatureParser::parseTypeSignature (130 bytes)
Event: 6.987 Thread 0x0000000017b84000 nmethod 1578 0x00000000035cadd0 code [0x00000000035caf60, 0x00000000035cb208]
Event: 7.022 Thread 0x0000000017b84000 1579       3       java.lang.Class::privateGetPublicMethods (267 bytes)
Event: 7.024 Thread 0x0000000017b84000 nmethod 1579 0x00000000035cb310 code [0x00000000035cb6e0, 0x00000000035cd368]
Event: 7.024 Thread 0x0000000017b84000 1580   !   3       org.springframework.core.SerializableTypeWrapper$TypeProxyInvocationHandler::invoke (232 bytes)
Event: 7.025 Thread 0x0000000017b84000 nmethod 1580 0x00000000035ce690 code [0x00000000035cea40, 0x00000000035d0c88]

GC Heap History (10 events):
Event: 3.820 GC heap before
{Heap before GC invocations=1 (full 0):
 PSYoungGen      total 38400K, used 33280K [0x00000000d5f00000, 0x00000000d8980000, 0x0000000100000000)
  eden space 33280K, 100% used [0x00000000d5f00000,0x00000000d7f80000,0x00000000d7f80000)
  from space 5120K, 0% used [0x00000000d8480000,0x00000000d8480000,0x00000000d8980000)
  to   space 5120K, 0% used [0x00000000d7f80000,0x00000000d7f80000,0x00000000d8480000)
 ParOldGen       total 87552K, used 0K [0x0000000081c00000, 0x0000000087180000, 0x00000000d5f00000)
  object space 87552K, 0% used [0x0000000081c00000,0x0000000081c00000,0x0000000087180000)
 Metaspace       used 9031K, capacity 9250K, committed 9344K, reserved 1056768K
  class space    used 1031K, capacity 1079K, committed 1152K, reserved 1048576K
Event: 3.824 GC heap after
Heap after GC invocations=1 (full 0):
 PSYoungGen      total 38400K, used 5103K [0x00000000d5f00000, 0x00000000d8980000, 0x0000000100000000)
  eden space 33280K, 0% used [0x00000000d5f00000,0x00000000d5f00000,0x00000000d7f80000)
  from space 5120K, 99% used [0x00000000d7f80000,0x00000000d847bcd8,0x00000000d8480000)
  to   space 5120K, 0% used [0x00000000d8480000,0x00000000d8480000,0x00000000d8980000)
 ParOldGen       total 87552K, used 508K [0x0000000081c00000, 0x0000000087180000, 0x00000000d5f00000)
  object space 87552K, 0% used [0x0000000081c00000,0x0000000081c7f1e0,0x0000000087180000)
 Metaspace       used 9031K, capacity 9250K, committed 9344K, reserved 1056768K
  class space    used 1031K, capacity 1079K, committed 1152K, reserved 1048576K
}
Event: 5.178 GC heap before
{Heap before GC invocations=2 (full 0):
 PSYoungGen      total 38400K, used 38383K [0x00000000d5f00000, 0x00000000d8980000, 0x0000000100000000)
  eden space 33280K, 100% used [0x00000000d5f00000,0x00000000d7f80000,0x00000000d7f80000)
  from space 5120K, 99% used [0x00000000d7f80000,0x00000000d847bcd8,0x00000000d8480000)
  to   space 5120K, 0% used [0x00000000d8480000,0x00000000d8480000,0x00000000d8980000)
 ParOldGen       total 87552K, used 508K [0x0000000081c00000, 0x0000000087180000, 0x00000000d5f00000)
  object space 87552K, 0% used [0x0000000081c00000,0x0000000081c7f1e0,0x0000000087180000)
 Metaspace       used 14012K, capacity 14210K, committed 14336K, reserved 1062912K
  class space    used 1726K, capacity 1751K, committed 1792K, reserved 1048576K
Event: 5.187 GC heap after
Heap after GC invocations=2 (full 0):
 PSYoungGen      total 38400K, used 5112K [0x00000000d5f00000, 0x00000000d8980000, 0x0000000100000000)
  eden space 33280K, 0% used [0x00000000d5f00000,0x00000000d5f00000,0x00000000d7f80000)
  from space 5120K, 99% used [0x00000000d8480000,0x00000000d897e288,0x00000000d8980000)
  to   space 5120K, 0% used [0x00000000d7f80000,0x00000000d7f80000,0x00000000d8480000)
 ParOldGen       total 87552K, used 3994K [0x0000000081c00000, 0x0000000087180000, 0x00000000d5f00000)
  object space 87552K, 4% used [0x0000000081c00000,0x0000000081fe6aa8,0x0000000087180000)
 Metaspace       used 14012K, capacity 14210K, committed 14336K, reserved 1062912K
  class space    used 1726K, capacity 1751K, committed 1792K, reserved 1048576K
}
Event: 5.267 GC heap before
{Heap before GC invocations=3 (full 0):
 PSYoungGen      total 38400K, used 7020K [0x00000000d5f00000, 0x00000000d8980000, 0x0000000100000000)
  eden space 33280K, 5% used [0x00000000d5f00000,0x00000000d60dcf00,0x00000000d7f80000)
  from space 5120K, 99% used [0x00000000d8480000,0x00000000d897e288,0x00000000d8980000)
  to   space 5120K, 0% used [0x00000000d7f80000,0x00000000d7f80000,0x00000000d8480000)
 ParOldGen       total 87552K, used 3994K [0x0000000081c00000, 0x0000000087180000, 0x00000000d5f00000)
  object space 87552K, 4% used [0x0000000081c00000,0x0000000081fe6aa8,0x0000000087180000)
 Metaspace       used 14208K, capacity 14312K, committed 14336K, reserved 1067008K
  class space    used 1749K, capacity 1784K, committed 1792K, reserved 1048576K
Event: 5.271 GC heap after
Heap after GC invocations=3 (full 0):
 PSYoungGen      total 38400K, used 5110K [0x00000000d5f00000, 0x00000000d8980000, 0x0000000100000000)
  eden space 33280K, 0% used [0x00000000d5f00000,0x00000000d5f00000,0x00000000d7f80000)
  from space 5120K, 99% used [0x00000000d7f80000,0x00000000d847d888,0x00000000d8480000)
  to   space 5120K, 0% used [0x00000000d8480000,0x00000000d8480000,0x00000000d8980000)
 ParOldGen       total 87552K, used 4108K [0x0000000081c00000, 0x0000000087180000, 0x00000000d5f00000)
  object space 87552K, 4% used [0x0000000081c00000,0x0000000082003008,0x0000000087180000)
 Metaspace       used 14208K, capacity 14312K, committed 14336K, reserved 1067008K
  class space    used 1749K, capacity 1784K, committed 1792K, reserved 1048576K
}
Event: 5.271 GC heap before
{Heap before GC invocations=4 (full 1):
 PSYoungGen      total 38400K, used 5110K [0x00000000d5f00000, 0x00000000d8980000, 0x0000000100000000)
  eden space 33280K, 0% used [0x00000000d5f00000,0x00000000d5f00000,0x00000000d7f80000)
  from space 5120K, 99% used [0x00000000d7f80000,0x00000000d847d888,0x00000000d8480000)
  to   space 5120K, 0% used [0x00000000d8480000,0x00000000d8480000,0x00000000d8980000)
 ParOldGen       total 87552K, used 4108K [0x0000000081c00000, 0x0000000087180000, 0x00000000d5f00000)
  object space 87552K, 4% used [0x0000000081c00000,0x0000000082003008,0x0000000087180000)
 Metaspace       used 14208K, capacity 14312K, committed 14336K, reserved 1067008K
  class space    used 1749K, capacity 1784K, committed 1792K, reserved 1048576K
Event: 5.295 GC heap after
Heap after GC invocations=4 (full 1):
 PSYoungGen      total 38400K, used 0K [0x00000000d5f00000, 0x00000000d8980000, 0x0000000100000000)
  eden space 33280K, 0% used [0x00000000d5f00000,0x00000000d5f00000,0x00000000d7f80000)
  from space 5120K, 0% used [0x00000000d7f80000,0x00000000d7f80000,0x00000000d8480000)
  to   space 5120K, 0% used [0x00000000d8480000,0x00000000d8480000,0x00000000d8980000)
 ParOldGen       total 50688K, used 6054K [0x0000000081c00000, 0x0000000084d80000, 0x00000000d5f00000)
  object space 50688K, 11% used [0x0000000081c00000,0x00000000821e99c8,0x0000000084d80000)
 Metaspace       used 14208K, capacity 14312K, committed 14336K, reserved 1064960K
  class space    used 1749K, capacity 1784K, committed 1792K, reserved 1048576K
}
Event: 6.763 GC heap before
{Heap before GC invocations=5 (full 1):
 PSYoungGen      total 38400K, used 33280K [0x00000000d5f00000, 0x00000000d8980000, 0x0000000100000000)
  eden space 33280K, 100% used [0x00000000d5f00000,0x00000000d7f80000,0x00000000d7f80000)
  from space 5120K, 0% used [0x00000000d7f80000,0x00000000d7f80000,0x00000000d8480000)
  to   space 5120K, 0% used [0x00000000d8480000,0x00000000d8480000,0x00000000d8980000)
 ParOldGen       total 50688K, used 6054K [0x0000000081c00000, 0x0000000084d80000, 0x00000000d5f00000)
  object space 50688K, 11% used [0x0000000081c00000,0x00000000821e99c8,0x0000000084d80000)
 Metaspace       used 18303K, capacity 18576K, committed 18816K, reserved 1067008K
  class space    used 2244K, capacity 2319K, committed 2432K, reserved 1048576K
Event: 6.766 GC heap after
Heap after GC invocations=5 (full 1):
 PSYoungGen      total 38400K, used 3843K [0x00000000d5f00000, 0x00000000da200000, 0x0000000100000000)
  eden space 33280K, 0% used [0x00000000d5f00000,0x00000000d5f00000,0x00000000d7f80000)
  from space 5120K, 75% used [0x00000000d8480000,0x00000000d8840c28,0x00000000d8980000)
  to   space 5120K, 0% used [0x00000000d7f80000,0x00000000d7f80000,0x00000000d8480000)
 ParOldGen       total 50688K, used 6062K [0x0000000081c00000, 0x0000000084d80000, 0x00000000d5f00000)
  object space 50688K, 11% used [0x0000000081c00000,0x00000000821eb9c8,0x0000000084d80000)
 Metaspace       used 18303K, capacity 18576K, committed 18816K, reserved 1067008K
  class space    used 2244K, capacity 2319K, committed 2432K, reserved 1048576K
}

Deoptimization events (10 events):
Event: 5.359 Thread 0x0000000002f36000 Uncommon trap: reason=bimorphic action=maybe_recompile pc=0x000000000331bb8c method=java.util.HashMap.putVal(ILjava/lang/Object;Ljava/lang/Object;ZZ)Ljava/lang/Object; @ 253
Event: 5.460 Thread 0x000000001a28b000 Uncommon trap: reason=unstable_if action=reinterpret pc=0x0000000003422f1c method=com.sun.org.apache.xerces.internal.impl.XMLEntityScanner.scanLiteral(ILcom/sun/org/apache/xerces/internal/xni/XMLString;Z)I @ 570
Event: 5.534 Thread 0x000000001a28b000 Uncommon trap: reason=unstable_if action=reinterpret pc=0x00000000034368e0 method=com.sun.org.apache.xerces.internal.impl.XMLEntityScanner.skipSpaces()Z @ 125
Event: 5.545 Thread 0x000000001a28b000 Uncommon trap: reason=unstable_if action=reinterpret pc=0x000000000349c088 method=com.sun.org.apache.xerces.internal.util.SymbolTable.addSymbol([CII)Ljava/lang/String; @ 38
Event: 6.004 Thread 0x0000000002f36000 Uncommon trap: reason=unstable_if action=reinterpret pc=0x000000000328a494 method=java.io.WinNTFileSystem.normalize(Ljava/lang/String;)Ljava/lang/String; @ 128
Event: 6.009 Thread 0x0000000002f36000 Uncommon trap: reason=class_check action=maybe_recompile pc=0x000000000333d800 method=java.util.regex.Pattern$CharProperty.match(Ljava/util/regex/Matcher;ILjava/lang/CharSequence;)Z @ 37
Event: 6.010 Thread 0x0000000002f36000 Uncommon trap: reason=class_check action=maybe_recompile pc=0x000000000333d800 method=java.util.regex.Pattern$CharProperty.match(Ljava/util/regex/Matcher;ILjava/lang/CharSequence;)Z @ 37
Event: 6.010 Thread 0x0000000002f36000 Uncommon trap: reason=class_check action=maybe_recompile pc=0x000000000333d800 method=java.util.regex.Pattern$CharProperty.match(Ljava/util/regex/Matcher;ILjava/lang/CharSequence;)Z @ 37
Event: 6.010 Thread 0x0000000002f36000 Uncommon trap: reason=class_check action=maybe_recompile pc=0x000000000333d800 method=java.util.regex.Pattern$CharProperty.match(Ljava/util/regex/Matcher;ILjava/lang/CharSequence;)Z @ 37
Event: 6.192 Thread 0x000000001a28b000 Uncommon trap: reason=class_check action=maybe_recompile pc=0x000000000332455c method=java.util.regex.Matcher.search(I)Z @ 86

Classes redefined (0 events):
No events

Internal exceptions (10 events):
Event: 4.930 Thread 0x0000000002f36000 Implicit null exception at 0x00000000032dc6ef to 0x00000000032dc759
Event: 5.888 Thread 0x0000000002f36000 Exception <a 'java/lang/ClassNotFoundException': java/lang/ObjectCustomizer> (0x00000000d69865a8) thrown at [C:\re\workspace\8-2-build-windows-amd64-cygwin\jdk8u191\11896\hotspot\src\share\vm\classfile\systemDictionary.cpp, line 210]
Event: 5.889 Thread 0x0000000002f36000 Exception <a 'java/lang/ClassNotFoundException': org/springframework/context/annotation/ConfigurationClassPostProcessorCustomizer> (0x00000000d69a56c8) thrown at [C:\re\workspace\8-2-build-windows-amd64-cygwin\jdk8u191\11896\hotspot\src\share\vm\classfile
Event: 5.891 Thread 0x0000000002f36000 Exception <a 'java/lang/ClassNotFoundException': org/springframework/beans/factory/support/BeanDefinitionRegistryPostProcessorCustomizer> (0x00000000d69d4290) thrown at [C:\re\workspace\8-2-build-windows-amd64-cygwin\jdk8u191\11896\hotspot\src\share\vm\cl
Event: 5.891 Thread 0x0000000002f36000 Exception <a 'java/lang/ClassNotFoundException': org/springframework/core/PriorityOrderedCustomizer> (0x00000000d69e8170) thrown at [C:\re\workspace\8-2-build-windows-amd64-cygwin\jdk8u191\11896\hotspot\src\share\vm\classfile\systemDictionary.cpp, line 21
Event: 5.892 Thread 0x0000000002f36000 Exception <a 'java/lang/ClassNotFoundException': org/springframework/context/ResourceLoaderAwareCustomizer> (0x00000000d69fcec8) thrown at [C:\re\workspace\8-2-build-windows-amd64-cygwin\jdk8u191\11896\hotspot\src\share\vm\classfile\systemDictionary.cpp, 
Event: 5.893 Thread 0x0000000002f36000 Exception <a 'java/lang/ClassNotFoundException': org/springframework/beans/factory/BeanClassLoaderAwareCustomizer> (0x00000000d6a14cc0) thrown at [C:\re\workspace\8-2-build-windows-amd64-cygwin\jdk8u191\11896\hotspot\src\share\vm\classfile\systemDictionar
Event: 5.893 Thread 0x0000000002f36000 Exception <a 'java/lang/ClassNotFoundException': org/springframework/context/EnvironmentAwareCustomizer> (0x00000000d6a2a170) thrown at [C:\re\workspace\8-2-build-windows-amd64-cygwin\jdk8u191\11896\hotspot\src\share\vm\classfile\systemDictionary.cpp, lin
Event: 6.762 Thread 0x000000001a28b000 Exception <a 'java/lang/NoSuchFieldError': method resolution failed> (0x00000000d7f6e228) thrown at [C:\re\workspace\8-2-build-windows-amd64-cygwin\jdk8u191\11896\hotspot\src\share\vm\prims\methodHandles.cpp, line 1167]
Event: 6.763 Thread 0x000000001a28b000 Exception <a 'java/lang/NoSuchFieldError': method resolution failed> (0x00000000d7f7b8e8) thrown at [C:\re\workspace\8-2-build-windows-amd64-cygwin\jdk8u191\11896\hotspot\src\share\vm\prims\methodHandles.cpp, line 1167]

Events (10 events):
Event: 6.986 loading class org/springframework/format/datetime/standard/TemporalAccessorParser done
Event: 6.987 loading class org/springframework/boot/autoconfigure/condition/OnWebApplicationCondition
Event: 6.987 loading class org/springframework/boot/autoconfigure/condition/OnWebApplicationCondition done
Event: 6.987 loading class org/springframework/format/support/FormattingConversionService$PrinterConverter
Event: 6.987 loading class org/springframework/format/support/FormattingConversionService$PrinterConverter done
Event: 7.020 loading class org/springframework/boot/autoconfigure/condition/SpringBootCondition
Event: 7.020 loading class org/springframework/boot/autoconfigure/condition/SpringBootCondition done
Event: 7.021 loading class org/springframework/format/support/FormattingConversionService$ParserConverter
Event: 7.021 loading class org/springframework/format/support/FormattingConversionService$ParserConverter done
Event: 7.022 loading class java/time/OffsetTime


Dynamic libraries:
0x00007ff7ade10000 - 0x00007ff7ade47000 	C:\Program Files\Java\jdk1.8.0_191\bin\javaw.exe
0x00007ffe14d60000 - 0x00007ffe14f41000 	C:\Windows\SYSTEM32\ntdll.dll
0x00007ffe14840000 - 0x00007ffe148f1000 	C:\Windows\System32\KERNEL32.DLL
0x00007ffe115c0000 - 0x00007ffe11833000 	C:\Windows\System32\KERNELBASE.dll
0x00007ffe0ecb0000 - 0x00007ffe0ed3b000 	C:\Windows\SYSTEM32\apphelp.dll
0x00007ffe12480000 - 0x00007ffe12521000 	C:\Windows\System32\ADVAPI32.dll
0x00007ffe12cf0000 - 0x00007ffe12d8e000 	C:\Windows\System32\msvcrt.dll
0x00007ffe12f10000 - 0x00007ffe12f6b000 	C:\Windows\System32\sechost.dll
0x00007ffe14b30000 - 0x00007ffe14c54000 	C:\Windows\System32\RPCRT4.dll
0x00007ffe14900000 - 0x00007ffe14a90000 	C:\Windows\System32\USER32.dll
0x00007ffe11190000 - 0x00007ffe111b0000 	C:\Windows\System32\win32u.dll
0x00007ffe121f0000 - 0x00007ffe12218000 	C:\Windows\System32\GDI32.dll
0x00007ffe111b0000 - 0x00007ffe11342000 	C:\Windows\System32\gdi32full.dll
0x00007ffe12050000 - 0x00007ffe120ef000 	C:\Windows\System32\msvcp_win.dll
0x00007ffe120f0000 - 0x00007ffe121e8000 	C:\Windows\System32\ucrtbase.dll
0x00007ffdffb80000 - 0x00007ffdffde9000 	C:\Windows\WinSxS\amd64_microsoft.windows.common-controls_6595b64144ccf1df_6.0.17134.765_none_fb42a1a930655896\COMCTL32.dll
0x00007ffe14510000 - 0x00007ffe14832000 	C:\Windows\System32\combase.dll
0x00007ffe11540000 - 0x00007ffe115ba000 	C:\Windows\System32\bcryptPrimitives.dll
0x00007ffe12bf0000 - 0x00007ffe12c1d000 	C:\Windows\System32\IMM32.DLL
0x0000000061d50000 - 0x0000000061e22000 	C:\Program Files\Java\jdk1.8.0_191\jre\bin\msvcr100.dll
0x00000000612e0000 - 0x0000000061b84000 	C:\Program Files\Java\jdk1.8.0_191\jre\bin\server\jvm.dll
0x00007ffe14d20000 - 0x00007ffe14d28000 	C:\Windows\System32\PSAPI.DLL
0x00007ffe02860000 - 0x00007ffe02869000 	C:\Windows\SYSTEM32\WSOCK32.dll
0x00007ffe0f170000 - 0x00007ffe0f193000 	C:\Windows\SYSTEM32\WINMM.dll
0x00007ffe08970000 - 0x00007ffe0897a000 	C:\Windows\SYSTEM32\VERSION.dll
0x00007ffe12e80000 - 0x00007ffe12eec000 	C:\Windows\System32\WS2_32.dll
0x00007ffe0f140000 - 0x00007ffe0f16a000 	C:\Windows\SYSTEM32\WINMMBASE.dll
0x00007ffe11840000 - 0x00007ffe11889000 	C:\Windows\System32\cfgmgr32.dll
0x0000000062530000 - 0x000000006253f000 	C:\Program Files\Java\jdk1.8.0_191\jre\bin\verify.dll
0x0000000062500000 - 0x0000000062529000 	C:\Program Files\Java\jdk1.8.0_191\jre\bin\java.dll
0x0000000062220000 - 0x0000000062236000 	C:\Program Files\Java\jdk1.8.0_191\jre\bin\zip.dll
0x00007ffe12f70000 - 0x00007ffe143b0000 	C:\Windows\System32\SHELL32.dll
0x00007ffe14c70000 - 0x00007ffe14d19000 	C:\Windows\System32\shcore.dll
0x00007ffe11890000 - 0x00007ffe11f9d000 	C:\Windows\System32\windows.storage.dll
0x00007ffe12530000 - 0x00007ffe12581000 	C:\Windows\System32\shlwapi.dll
0x00007ffe11110000 - 0x00007ffe11121000 	C:\Windows\System32\kernel.appcore.dll
0x00007ffe110a0000 - 0x00007ffe110bf000 	C:\Windows\System32\profapi.dll
0x00007ffe110c0000 - 0x00007ffe1110c000 	C:\Windows\System32\powrprof.dll
0x00007ffe11090000 - 0x00007ffe1109a000 	C:\Windows\System32\FLTLIB.DLL
0x0000000061e30000 - 0x0000000061e3d000 	C:\Program Files\Java\jdk1.8.0_191\jre\bin\management.dll
0x0000000062200000 - 0x000000006221a000 	C:\Program Files\Java\jdk1.8.0_191\jre\bin\net.dll
0x00007ffe108f0000 - 0x00007ffe10956000 	C:\Windows\system32\mswsock.dll
0x00007ffe08980000 - 0x00007ffe08996000 	C:\Windows\system32\napinsp.dll
0x00007ffe089a0000 - 0x00007ffe089ba000 	C:\Windows\system32\pnrpnsp.dll
0x00007ffe0ee60000 - 0x00007ffe0ee79000 	C:\Windows\system32\NLAapi.dll
0x00007ffe106b0000 - 0x00007ffe1076e000 	C:\Windows\SYSTEM32\DNSAPI.dll
0x00007ffe12590000 - 0x00007ffe12598000 	C:\Windows\System32\NSI.dll
0x00007ffe10670000 - 0x00007ffe106a8000 	C:\Windows\SYSTEM32\IPHLPAPI.DLL
0x00007ffe08a20000 - 0x00007ffe08a2e000 	C:\Windows\System32\winrnr.dll
0x00007ffe095f0000 - 0x00007ffe095fa000 	C:\Windows\System32\rasadhlp.dll
0x00007ffe0bb40000 - 0x00007ffe0bbb2000 	C:\Windows\System32\fwpuclnt.dll
0x00007ffe10bd0000 - 0x00007ffe10bf5000 	C:\Windows\SYSTEM32\bcrypt.dll
0x00000000611e0000 - 0x00000000611f1000 	C:\Program Files\Java\jdk1.8.0_191\jre\bin\nio.dll

VM Arguments:
jvm_args: -Dfile.encoding=UTF-8 
java_command: org.brasil.prev.rest.BrasilPrevApplication
java_class_path (initial): C:\Program Files\Java\jdk1.8.0_191\jre\lib\resources.jar;C:\Program Files\Java\jdk1.8.0_191\jre\lib\rt.jar;C:\Program Files\Java\jdk1.8.0_191\jre\lib\jsse.jar;C:\Program Files\Java\jdk1.8.0_191\jre\lib\jce.jar;C:\Program Files\Java\jdk1.8.0_191\jre\lib\charsets.jar;C:\Program Files\Java\jdk1.8.0_191\jre\lib\jfr.jar;C:\Program Files\Java\jdk1.8.0_191\jre\lib\ext\access-bridge-64.jar;C:\Program Files\Java\jdk1.8.0_191\jre\lib\ext\cldrdata.jar;C:\Program Files\Java\jdk1.8.0_191\jre\lib\ext\dnsns.jar;C:\Program Files\Java\jdk1.8.0_191\jre\lib\ext\jaccess.jar;C:\Program Files\Java\jdk1.8.0_191\jre\lib\ext\jfxrt.jar;C:\Program Files\Java\jdk1.8.0_191\jre\lib\ext\localedata.jar;C:\Program Files\Java\jdk1.8.0_191\jre\lib\ext\nashorn.jar;C:\Program Files\Java\jdk1.8.0_191\jre\lib\ext\sunec.jar;C:\Program Files\Java\jdk1.8.0_191\jre\lib\ext\sunjce_provider.jar;C:\Program Files\Java\jdk1.8.0_191\jre\lib\ext\sunmscapi.jar;C:\Program Files\Java\jdk1.8.0_191\jre\lib\ext\sunpkcs11.jar;C:\Program Files\Java\jdk1.8.0_191\jre\lib\ext\zipfs.jar;C:\Users\rdmello\spring-artifatos\brasil-prev-parent\brasil-prev-rest\target\classes;C:\Users\rdmello\.m2\repository\org\springframework\boot\spring-boot-starter-web\1.4.3.RELEASE\spring-boot-starter-web-1.4.3.RELEASE.jar;C:\Users\rdmello\.m2\repository\org\springframework\boot\spring-boot-starter\1.4.3.RELEASE\spring-boot-starter-1.4.3.RELEASE.jar;C:\Users\rdmello\.m2\repository\org\springframework\boot\spring-boot\1.4.3.RELEASE\spring-boot-1.4.3.RELEASE.jar;C:\Users\rdmello\.m2\repository\org\springframework\boot\spring-boot-autoconfigure\1.4.3.RELEASE\spring-boot-autoconfigure-1.4.3.RELEASE.jar;C:\Users\rdmello\.m2\repository\org\springframework\boot\spring-boot-starter-logging\1.4.3.RELEASE\spring-boot-starter-logging-1.4.3.RELEASE.jar;C:\Users\rdmello\.m2\repository\ch\qos\logback\logback-classic\1.1.8\logback-classic-1.1.8.jar;C:\Users\rdmello\.m2\repository\ch\qos\logback\logback-core\1.1.8\logback-core-1.1.8
Launcher Type: SUN_STANDARD

Environment Variables:
JAVA_HOME=C:\Program Files\Java\jdk1.8.0_191
PATH=C:/Program Files/Java/jdk1.8.0_191/bin/../jre/bin/server;C:/Program Files/Java/jdk1.8.0_191/bin/../jre/bin;C:/Program Files/Java/jdk1.8.0_191/bin/../jre/lib/amd64;C:\Program Files\Java\jdk1.8.0_191\bin;C:\Windows\system32;C:\Windows;C:\Windows\System32\Wbem;C:\Windows\System32\WindowsPowerShell\v1.0\;C:\Windows\System32\OpenSSH\;C:\Program Files\TortoiseSVN\bin;C:\maven\apache-maven-3.3.9\bin;C:\Program Files\nodejs\;C:\Program Files\Git\cmd;C:\Program Files\MySQL\MySQL Shell 8.0\bin\;C:\eclipse;
USERNAME=rdmello
OS=Windows_NT
PROCESSOR_IDENTIFIER=Intel64 Family 6 Model 58 Stepping 9, GenuineIntel



---------------  S Y S T E M  ---------------

OS: Windows 10.0 , 64 bit Build 17134 (10.0.17134.753)

CPU:total 4 (initial active 4) (4 cores per cpu, 1 threads per core) family 6 model 58 stepping 9, cmov, cx8, fxsr, mmx, sse, sse2, sse3, ssse3, sse4.1, sse4.2, popcnt, avx, aes, clmul, erms, tsc, tscinvbit, tscinv

Memory: 4k page, physical 8272424k(561412k free), swap 33438248k(4344k free)

vm_info: Java HotSpot(TM) 64-Bit Server VM (25.191-b12) for windows-amd64 JRE (1.8.0_191-b12), built on Oct  6 2018 09:29:03 by "java_re" with MS VC++ 10.0 (VS2010)

time: Thu Sep 12 11:01:54 2019
elapsed time: 7 seconds (0d 0h 0m 7s)

